<?xml version="1.0" encoding="UTF-8"?>
<testsuite xmlns:xsi="http://www.w3.org/2001/XMLSchema-instance" xsi:noNamespaceSchemaLocation="https://maven.apache.org/surefire/maven-surefire-plugin/xsd/surefire-test-report-3.0.xsd" version="3.0" name="academy.tochkavhoda.introduction.TestZeroSteps1" time="0.252" tests="20" errors="0" skipped="0" failures="0">
  <properties>
[...]
</properties>
  <testcase name="testCodeByChar" classname="academy.tochkavhoda.introduction.TestZeroSteps1" time="0.098"/>
  <testcase name="testCalculate15Degree" classname="academy.tochkavhoda.introduction.TestZeroSteps1" time="0.003"/>
  <testcase name="testDiv" classname="academy.tochkavhoda.introduction.TestZeroSteps1" time="0.003"/>
  <testcase name="testMod" classname="academy.tochkavhoda.introduction.TestZeroSteps1" time="0.002"/>
  <testcase name="testMul" classname="academy.tochkavhoda.introduction.TestZeroSteps1" time="0.002"/>
  <testcase name="testSum" classname="academy.tochkavhoda.introduction.TestZeroSteps1" time="0.003"/>
  <testcase name="testIsInsideRect" classname="academy.tochkavhoda.introduction.TestZeroSteps1" time="0.005"/>
  <testcase name="testGetCharByOffset" classname="academy.tochkavhoda.introduction.TestZeroSteps1" time="0.002"/>
  <testcase name="testReverseNumber" classname="academy.tochkavhoda.introduction.TestZeroSteps1" time="0.002"/>
  <testcase name="testIsCircleInsideSquare" classname="academy.tochkavhoda.introduction.TestZeroSteps1" time="0.002"/>
  <testcase name="testGreater" classname="academy.tochkavhoda.introduction.TestZeroSteps1" time="0.003"/>
  <testcase name="testGetAverageChar" classname="academy.tochkavhoda.introduction.TestZeroSteps1" time="0.002"/>
  <testcase name="testIsTriangleExist" classname="academy.tochkavhoda.introduction.TestZeroSteps1" time="0.002"/>
  <testcase name="testGetDigitsProduction" classname="academy.tochkavhoda.introduction.TestZeroSteps1" time="0.002"/>
  <testcase name="testIsEqualOrGreater" classname="academy.tochkavhoda.introduction.TestZeroSteps1" time="0.002"/>
  <testcase name="testEquals" classname="academy.tochkavhoda.introduction.TestZeroSteps1" time="0.003"/>
  <testcase name="testCalculateTrianglePerimeter" classname="academy.tochkavhoda.introduction.TestZeroSteps1" time="0.006"/>
  <testcase name="testSqrtAbs" classname="academy.tochkavhoda.introduction.TestZeroSteps1" time="0.002"/>
  <testcase name="testGetCharByCode" classname="academy.tochkavhoda.introduction.TestZeroSteps1" time="0.003"/>
  <testcase name="testCalculateTriangleSquare" classname="academy.tochkavhoda.introduction.TestZeroSteps1" time="0.003"/>
</testsuite>